2023-02-26T21:00:24+00:00 DEBUG POST: https://business-api.tiktok.com/open_api/v1.2/tbp/business_profile/disconnect/

{"external_business_id":"tt4b_woocommerce_63ae070eba07e","business_platform":"WOO_COMMERCE","is_setup_page":0,"app_id":"7182686217597616130"}
 ajax: DOING_AJAX
2023-02-26T21:00:24+00:00 DEBUG Tt4b_Mapi_Class::mapi_post: Response: 

HTTP/1.1 200 OK
Server: nginx
Content-Type: application/json; charset=utf-8
Content-Length: 103
X-Api-Deprecation-Info: API for Business Version 1.3 is now live. To avoid disruption to your business, we recommend you migrate all calls to v1.3 as soon as possible. Please visit our migration guide for more details: https://ads.tiktok.com/marketing_api/docs?id=1740029169927169
X-Domain-Change-Info: We have moved to the new domain business-api.tiktok.com for API services after the Platform Upgrade on 09/30/2021. Please update all of your requests with the new domain if you haven't done so already. For more information, please visit https://ads.tiktok.com/marketing_api/docs?rid=esb88xalm6m&id=1709207085043713
X-Tt-Logid: 2023022621002360E4C31DF60704112842
x-tt-trace-host: 01a205a90b605ad390f7784a57a80f2d5a4c0fe00599cfa9898a039882fd57f79e078b6ec67d25538583a094ca1e55d59b9ae956abffec5739e2c321461104e7cfd258dfd03908048b929bf90d0c8eb4d431f74547b92cf1923a7edcd2a623228447122af4bc624706085f1d56b444b816
X-Origin-Response-Time: 11,23.48.172.141
X-Akamai-Request-ID: 38fc37b9.8ed5615a
Expires: Sun, 26 Feb 2023 21:00:24 GMT
Cache-Control: max-age=0, no-cache, no-store
Pragma: no-cache
Date: Sun, 26 Feb 2023 21:00:24 GMT
X-Cache: TCP_MISS from a125-214-166-22.deploy.akamaitechnologies.com (AkamaiGHost/11.0.0-46340752) (-)
Connection: close
X-Cache-Remote: TCP_MISS from a23-48-172-141.deploy.akamaitechnologies.com (AkamaiGHost/11.0.0-46340752) (-)
x-tt-trace-tag: id=16;cdn-cache=miss;type=dyn
Server-Timing: cdn-cache; desc=MISS, edge; dur=39, origin; dur=11
Server-Timing: inner; dur=4
X-Parent-Response-Time: 50,125.214.166.22

{"code":40104,"message":"The access_token is empty.","request_id":"2023022621002360E4C31DF60704112842"}

2023-02-26T21:00:24+00:00 DEBUG POST: https://business-api.tiktok.com/tbp/v2.0/shop/connection/disconnect?external_data=

--- EMPTY STRING ---
 ajax: DOING_AJAX
2023-02-26T21:00:24+00:00 DEBUG Tt4b_Mapi_Class::tts_shop_disconnect: Response: 

HTTP/1.1 200 OK
Server: nginx
Content-Type: application/json; charset=utf-8
Content-Length: 95
X-Api-Deprecation-Info: API for Business Version 1.3 is now live. To avoid disruption to your business, we recommend you migrate all calls to v1.3 as soon as possible. Please visit our migration guide for more details: https://ads.tiktok.com/marketing_api/docs?id=1740029169927169
X-Domain-Change-Info: We have moved to the new domain business-api.tiktok.com for API services after the Platform Upgrade on 09/30/2021. Please update all of your requests with the new domain if you haven't done so already. For more information, please visit https://ads.tiktok.com/marketing_api/docs?rid=esb88xalm6m&id=1709207085043713
X-Tt-Logid: 20230226210023F2A3B4C9F9D44D10953A
x-tt-trace-host: 01a205a90b605ad390f7784a57a80f2d5a4c0fe00599cfa9898a039882fd57f79ee1f077b22af2d968c4e2df1eb2fcb5e32b018d268cd04914dfa50d35f758927f6941015418e0c6ee808ec08e68f155e4a792bb242e0bea3398e0def60a5b54accb9de3a92fc87ae1cbb73f68a86f1c33
X-Origin-Response-Time: 16,23.48.172.154
X-Akamai-Request-ID: 42d15a9e.8ed56245
Expires: Sun, 26 Feb 2023 21:00:24 GMT
Cache-Control: max-age=0, no-cache, no-store
Pragma: no-cache
Date: Sun, 26 Feb 2023 21:00:24 GMT
X-Cache: TCP_MISS from a125-214-166-22.deploy.akamaitechnologies.com (AkamaiGHost/11.0.0-46340752) (-)
Connection: close
X-Cache-Remote: TCP_MISS from a23-48-172-154.deploy.akamaitechnologies.com (AkamaiGHost/11.0.0-46340752) (-)
x-tt-trace-tag: id=16;cdn-cache=miss;type=dyn
Server-Timing: cdn-cache; desc=MISS, edge; dur=45, origin; dur=16
Server-Timing: inner; dur=10
X-Parent-Response-Time: 61,125.214.166.22

{"code":40001,"message":"Permission denied.","request_id":"20230226210023F2A3B4C9F9D44D10953A"}

